Build started 3/17/2015 8:38:40 PM.
     1>Project "C:\Users\Edward_Sony\Desktop\CS-162\TETRIS GAME\Using 3rd Party Graphics Lib (SFML)\Using 3rd Party Graphics Lib (SFML).vcxproj" on node 2 (Build target(s)).
     1>ClCompile:
         C:\Program Files (x86)\Microsoft Visual Studio 11.0\VC\bin\CL.exe /c /I"C:\SFML-2.2\include" /ZI /nologo /W3 /WX- /Od /Oy- /D WIN32 /D _DEBUG /D _CONSOLE /D _UNICODE /D UNICODE /Gm /EHsc /RTC1 /MDd /GS /fp:precise /Zc:wchar_t /Zc:forScope /Fo"Debug\\" /Fd"Debug\vc110.pdb" /Gd /TP /analyze- /errorReport:prompt Game.cpp
         Game.cpp
     1>c:\users\edward_sony\desktop\cs-162\tetris game\using 3rd party graphics lib (sfml)\game.cpp(179): warning C4244: 'argument' : conversion from 'const int' to 'float', possible loss of data
     1>c:\users\edward_sony\desktop\cs-162\tetris game\using 3rd party graphics lib (sfml)\game.cpp(183): warning C4244: 'argument' : conversion from 'const int' to 'float', possible loss of data
     1>c:\users\edward_sony\desktop\cs-162\tetris game\using 3rd party graphics lib (sfml)\game.cpp(196): warning C4244: 'argument' : conversion from 'const int' to 'float', possible loss of data
     1>c:\users\edward_sony\desktop\cs-162\tetris game\using 3rd party graphics lib (sfml)\game.cpp(209): warning C4244: 'argument' : conversion from 'const int' to 'float', possible loss of data
     1>c:\users\edward_sony\desktop\cs-162\tetris game\using 3rd party graphics lib (sfml)\game.cpp(288): warning C4244: 'argument' : conversion from 'const int' to 'float', possible loss of data
     1>c:\users\edward_sony\desktop\cs-162\tetris game\using 3rd party graphics lib (sfml)\game.cpp(292): warning C4244: 'argument' : conversion from 'const int' to 'float', possible loss of data
     1>c:\users\edward_sony\desktop\cs-162\tetris game\using 3rd party graphics lib (sfml)\game.cpp(699): warning C4244: '+=' : conversion from 'double' to 'int', possible loss of data
     1>c:\users\edward_sony\desktop\cs-162\tetris game\using 3rd party graphics lib (sfml)\game.cpp(887): warning C4244: 'argument' : conversion from 'int' to 'float', possible loss of data
     1>c:\users\edward_sony\desktop\cs-162\tetris game\using 3rd party graphics lib (sfml)\game.cpp(764): warning C4101: 'HighScorePosition' : unreferenced local variable
     1>c:\users\edward_sony\desktop\cs-162\tetris game\using 3rd party graphics lib (sfml)\game.cpp(976): warning C4244: 'argument' : conversion from 'const int' to 'float', possible loss of data
     1>c:\users\edward_sony\desktop\cs-162\tetris game\using 3rd party graphics lib (sfml)\game.cpp(983): warning C4244: 'argument' : conversion from 'const int' to 'float', possible loss of data
     1>c:\users\edward_sony\desktop\cs-162\tetris game\using 3rd party graphics lib (sfml)\game.cpp(990): warning C4244: 'argument' : conversion from 'const int' to 'float', possible loss of data
     1>c:\users\edward_sony\desktop\cs-162\tetris game\using 3rd party graphics lib (sfml)\game.cpp(997): warning C4244: 'argument' : conversion from 'const int' to 'float', possible loss of data
     1>c:\users\edward_sony\desktop\cs-162\tetris game\using 3rd party graphics lib (sfml)\game.cpp(1117): warning C4244: 'argument' : conversion from 'int' to 'float', possible loss of data
     1>c:\users\edward_sony\desktop\cs-162\tetris game\using 3rd party graphics lib (sfml)\game.cpp(1112): warning C4101: 'HighScorePosition' : unreferenced local variable
     1>c:\users\edward_sony\desktop\cs-162\tetris game\using 3rd party graphics lib (sfml)\game.cpp(397): warning C4715: 'Game::ProcessSplashScreen' : not all control paths return a value
     1>c:\users\edward_sony\desktop\cs-162\tetris game\using 3rd party graphics lib (sfml)\game.cpp(736): warning C4715: 'Game::ProcessGameScreen' : not all control paths return a value
     1>c:\users\edward_sony\desktop\cs-162\tetris game\using 3rd party graphics lib (sfml)\game.cpp(898): warning C4715: 'Game::ProcessGameOverScreen' : not all control paths return a value
     1>c:\users\edward_sony\desktop\cs-162\tetris game\using 3rd party graphics lib (sfml)\game.cpp(1036): warning C4715: 'Game::ProcessHighScoreScreen' : not all control paths return a value
       Link:
         C:\Program Files (x86)\Microsoft Visual Studio 11.0\VC\bin\link.exe /ERRORREPORT:PROMPT /OUT:"C:\Users\Edward_Sony\Desktop\CS-162\TETRIS GAME\Debug\Using 3rd Party Graphics Lib (SFML).exe" /INCREMENTAL /NOLOGO /LIBPATH:"C:\SFML-2.2\lib" "sfml-graphics-d.lib" "sfml-window-d.lib" "sfml-system-d.lib" "sfml-audio-d.lib" kernel32.lib user32.lib gdi32.lib winspool.lib comdlg32.lib advapi32.lib shell32.lib ole32.lib oleaut32.lib uuid.lib odbc32.lib odbccp32.lib /MANIFEST /MANIFESTUAC:"level='asInvoker' uiAccess='false'" /manifest:embed /DEBUG /PDB:"C:\Users\Edward_Sony\Desktop\CS-162\TETRIS GAME\Debug\Using 3rd Party Graphics Lib (SFML).pdb" /SUBSYSTEM:CONSOLE /TLBID:1 /DYNAMICBASE /NXCOMPAT /IMPLIB:"C:\Users\Edward_Sony\Desktop\CS-162\TETRIS GAME\Debug\Using 3rd Party Graphics Lib (SFML).lib" /MACHINE:X86 Debug\Game.obj
         Debug\Tetrimino.obj
         Debug\Well.obj
         Using 3rd Party Graphics Lib (SFML).vcxproj -> C:\Users\Edward_Sony\Desktop\CS-162\TETRIS GAME\Debug\Using 3rd Party Graphics Lib (SFML).exe
     1>Done Building Project "C:\Users\Edward_Sony\Desktop\CS-162\TETRIS GAME\Using 3rd Party Graphics Lib (SFML)\Using 3rd Party Graphics Lib (SFML).vcxproj" (Build target(s)).

Build succeeded.

Time Elapsed 00:00:02.89
